<?xml version="1.0" encoding="UTF-8"?>
<coverage generated="1658304227241" clover="3.2.0">
  <project timestamp="1658304227241" name="All files">
    <metrics statements="13" coveredstatements="13" conditionals="9" coveredconditionals="9" methods="1" coveredmethods="1" elements="23" coveredelements="23" complexity="0" loc="13" ncloc="13" packages="1" files="1" classes="1"/>
    <file name="index1.ts" path="/Users/wangyu/Desktop/learn/all-front-interview-knowledge/src/chapter2/switch-letter-case/index1.ts">
      <metrics statements="13" coveredstatements="13" conditionals="9" coveredconditionals="9" methods="1" coveredmethods="1"/>
      <line num="14" count="1" type="stmt"/>
      <line num="15" count="5" type="stmt"/>
      <line num="17" count="5" type="stmt"/>
      <line num="18" count="5" type="cond" truecount="1" falsecount="0"/>
      <line num="20" count="4" type="stmt"/>
      <line num="21" count="21" type="stmt"/>
      <line num="22" count="21" type="stmt"/>
      <line num="24" count="21" type="cond" truecount="4" falsecount="0"/>
      <line num="26" count="8" type="stmt"/>
      <line num="27" count="13" type="cond" truecount="4" falsecount="0"/>
      <line num="29" count="8" type="stmt"/>
      <line num="32" count="5" type="stmt"/>
      <line num="36" count="4" type="stmt"/>
    </file>
  </project>
</coverage>
