<?xml version="1.0" encoding="UTF-8"?>
<coverage generated="1657875698178" clover="3.2.0">
  <project timestamp="1657875698178" name="All files">
    <metrics statements="21" coveredstatements="21" conditionals="8" coveredconditionals="8" methods="1" coveredmethods="1" elements="30" coveredelements="30" complexity="0" loc="21" ncloc="21" packages="1" files="1" classes="1"/>
    <file name="index.ts" path="/Users/wangyu/Desktop/learn/all-front-interview-knowledge/src/chapter2/character-for-most-times/index.ts">
      <metrics statements="21" coveredstatements="21" conditionals="8" coveredconditionals="8" methods="1" coveredmethods="1"/>
      <line num="19" count="1" type="stmt"/>
      <line num="20" count="7" type="stmt"/>
      <line num="24" count="7" type="stmt"/>
      <line num="25" count="7" type="cond" truecount="1" falsecount="0"/>
      <line num="40" count="6" type="stmt"/>
      <line num="42" count="6" type="stmt"/>
      <line num="44" count="31" type="stmt"/>
      <line num="46" count="31" type="stmt"/>
      <line num="47" count="85" type="cond" truecount="1" falsecount="0"/>
      <line num="48" count="63" type="stmt"/>
      <line num="52" count="85" type="cond" truecount="3" falsecount="0"/>
      <line num="54" count="31" type="cond" truecount="1" falsecount="0"/>
      <line num="55" count="9" type="stmt"/>
      <line num="59" count="31" type="cond" truecount="1" falsecount="0"/>
      <line num="60" count="10" type="stmt"/>
      <line num="61" count="10" type="stmt"/>
      <line num="62" count="10" type="stmt"/>
      <line num="66" count="31" type="cond" truecount="1" falsecount="0"/>
      <line num="67" count="25" type="stmt"/>
      <line num="70" count="31" type="stmt"/>
      <line num="75" count="6" type="stmt"/>
    </file>
  </project>
</coverage>
