{"/Users/wangyu/Desktop/learn/all-front-interview-knowledge/src/chapter2/switch-letter-case/index1.ts": {"path":"/Users/wangyu/Desktop/learn/all-front-interview-knowledge/src/chapter2/switch-letter-case/index1.ts","statementMap":{"0":{"start":{"line":15,"column":15},"end":{"line":15,"column":17}},"1":{"start":{"line":17,"column":17},"end":{"line":17,"column":27}},"2":{"start":{"line":18,"column":2},"end":{"line":18,"column":null}},"3":{"start":{"line":18,"column":15},"end":{"line":18,"column":null}},"4":{"start":{"line":20,"column":2},"end":{"line":34,"column":null}},"5":{"start":{"line":20,"column":15},"end":{"line":20,"column":16}},"6":{"start":{"line":21,"column":17},"end":{"line":21,"column":23}},"7":{"start":{"line":22,"column":21},"end":{"line":22,"column":39}},"8":{"start":{"line":24,"column":4},"end":{"line":33,"column":null}},"9":{"start":{"line":26,"column":6},"end":{"line":26,"column":null}},"10":{"start":{"line":27,"column":11},"end":{"line":33,"column":null}},"11":{"start":{"line":29,"column":6},"end":{"line":29,"column":null}},"12":{"start":{"line":32,"column":6},"end":{"line":32,"column":null}},"13":{"start":{"line":36,"column":2},"end":{"line":36,"column":null}},"14":{"start":{"line":14,"column":0},"end":{"line":14,"column":16}}},"fnMap":{"0":{"name":"switchLetterCase","decl":{"start":{"line":14,"column":16},"end":{"line":14,"column":32}},"loc":{"start":{"line":14,"column":44},"end":{"line":37,"column":1}}}},"branchMap":{"0":{"loc":{"start":{"line":18,"column":2},"end":{"line":18,"column":null}},"type":"if","locations":[{"start":{"line":18,"column":2},"end":{"line":18,"column":null}}]},"1":{"loc":{"start":{"line":24,"column":4},"end":{"line":33,"column":null}},"type":"if","locations":[{"start":{"line":24,"column":4},"end":{"line":33,"column":null}},{"start":{"line":27,"column":11},"end":{"line":33,"column":null}}]},"2":{"loc":{"start":{"line":24,"column":8},"end":{"line":24,"column":40}},"type":"binary-expr","locations":[{"start":{"line":24,"column":8},"end":{"line":24,"column":22}},{"start":{"line":24,"column":26},"end":{"line":24,"column":40}}]},"3":{"loc":{"start":{"line":27,"column":11},"end":{"line":33,"column":null}},"type":"if","locations":[{"start":{"line":27,"column":11},"end":{"line":33,"column":null}},{"start":{"line":30,"column":11},"end":{"line":33,"column":null}}]},"4":{"loc":{"start":{"line":27,"column":15},"end":{"line":27,"column":48}},"type":"binary-expr","locations":[{"start":{"line":27,"column":15},"end":{"line":27,"column":29}},{"start":{"line":27,"column":33},"end":{"line":27,"column":48}}]}},"s":{"0":5,"1":5,"2":5,"3":1,"4":4,"5":4,"6":21,"7":21,"8":21,"9":8,"10":13,"11":8,"12":5,"13":4,"14":1},"f":{"0":5},"b":{"0":[1],"1":[8,13],"2":[21,16],"3":[8,5],"4":[13,8]}}
}
