{"/Users/wangyu/Desktop/learn/all-front-interview-knowledge/src/chapter2/character-for-most-times/index.ts": {"path":"/Users/wangyu/Desktop/learn/all-front-interview-knowledge/src/chapter2/character-for-most-times/index.ts","statementMap":{"0":{"start":{"line":20,"column":27},"end":{"line":23,"column":null}},"1":{"start":{"line":24,"column":17},"end":{"line":24,"column":27}},"2":{"start":{"line":25,"column":2},"end":{"line":25,"column":null}},"3":{"start":{"line":25,"column":15},"end":{"line":25,"column":null}},"4":{"start":{"line":40,"column":10},"end":{"line":40,"column":11}},"5":{"start":{"line":40,"column":17},"end":{"line":40,"column":18}},"6":{"start":{"line":40,"column":32},"end":{"line":40,"column":33}},"7":{"start":{"line":42,"column":2},"end":{"line":73,"column":null}},"8":{"start":{"line":44,"column":4},"end":{"line":44,"column":null}},"9":{"start":{"line":46,"column":4},"end":{"line":72,"column":null}},"10":{"start":{"line":47,"column":6},"end":{"line":49,"column":null}},"11":{"start":{"line":48,"column":8},"end":{"line":48,"column":null}},"12":{"start":{"line":52,"column":6},"end":{"line":71,"column":null}},"13":{"start":{"line":54,"column":8},"end":{"line":56,"column":null}},"14":{"start":{"line":55,"column":10},"end":{"line":55,"column":null}},"15":{"start":{"line":59,"column":8},"end":{"line":63,"column":null}},"16":{"start":{"line":60,"column":10},"end":{"line":60,"column":null}},"17":{"start":{"line":61,"column":10},"end":{"line":61,"column":null}},"18":{"start":{"line":62,"column":10},"end":{"line":62,"column":null}},"19":{"start":{"line":66,"column":8},"end":{"line":68,"column":null}},"20":{"start":{"line":67,"column":10},"end":{"line":67,"column":null}},"21":{"start":{"line":70,"column":8},"end":{"line":70,"column":13}},"22":{"start":{"line":75,"column":2},"end":{"line":75,"column":null}},"23":{"start":{"line":19,"column":0},"end":{"line":19,"column":16}}},"fnMap":{"0":{"name":"getCharacterMostTimes","decl":{"start":{"line":19,"column":16},"end":{"line":19,"column":37}},"loc":{"start":{"line":19,"column":49},"end":{"line":76,"column":1}}}},"branchMap":{"0":{"loc":{"start":{"line":25,"column":2},"end":{"line":25,"column":null}},"type":"if","locations":[{"start":{"line":25,"column":2},"end":{"line":25,"column":null}}]},"1":{"loc":{"start":{"line":47,"column":6},"end":{"line":49,"column":null}},"type":"if","locations":[{"start":{"line":47,"column":6},"end":{"line":49,"column":null}}]},"2":{"loc":{"start":{"line":52,"column":6},"end":{"line":71,"column":null}},"type":"if","locations":[{"start":{"line":52,"column":6},"end":{"line":71,"column":null}}]},"3":{"loc":{"start":{"line":52,"column":10},"end":{"line":52,"column":47}},"type":"binary-expr","locations":[{"start":{"line":52,"column":10},"end":{"line":52,"column":27}},{"start":{"line":52,"column":31},"end":{"line":52,"column":47}}]},"4":{"loc":{"start":{"line":54,"column":8},"end":{"line":56,"column":null}},"type":"if","locations":[{"start":{"line":54,"column":8},"end":{"line":56,"column":null}}]},"5":{"loc":{"start":{"line":59,"column":8},"end":{"line":63,"column":null}},"type":"if","locations":[{"start":{"line":59,"column":8},"end":{"line":63,"column":null}}]},"6":{"loc":{"start":{"line":66,"column":8},"end":{"line":68,"column":null}},"type":"if","locations":[{"start":{"line":66,"column":8},"end":{"line":68,"column":null}}]}},"s":{"0":7,"1":7,"2":7,"3":1,"4":6,"5":6,"6":6,"7":6,"8":31,"9":31,"10":85,"11":63,"12":85,"13":31,"14":9,"15":31,"16":10,"17":10,"18":10,"19":31,"20":25,"21":31,"22":6,"23":1},"f":{"0":7},"b":{"0":[1],"1":[63],"2":[31],"3":[85,63],"4":[9],"5":[10],"6":[25]}}
}
